01:16:22 **** Incremental Build of configuration Debug for project interrupt_priority ****
make -j8 all 
arm-none-eabi-gcc "../Src/main.c" -mcpu=cortex-m4 -std=gnu11 -g3 -DDEBUG -DSTM32 -DSTM32F303ZETx -DNUCLEO_F303ZE -DSTM32F3 -c -I../Inc -O0 -ffunction-sections -fdata-sections -Wall -fstack-usage -MMD -MP -MF"Src/main.d" -MT"Src/main.o" --specs=nano.specs -mfloat-abi=soft -mthumb -o "Src/main.o"
arm-none-eabi-gcc -o "interrupt_priority.elf" @"objects.list"   -mcpu=cortex-m4 -T"C:\Users\chiangkd\Desktop\CM4-Practice\cortexmx\interrupt_priority\STM32F303ZETX_FLASH.ld" --specs=nosys.specs -Wl,-Map="interrupt_priority.map" -Wl,--gc-sections -static --specs=nano.specs -mfloat-abi=soft -mthumb -Wl,--start-group -lc -lm -Wl,--end-group
Finished building target: interrupt_priority.elf
 
arm-none-eabi-size   interrupt_priority.elf 
arm-none-eabi-objdump -h -S  interrupt_priority.elf  > "interrupt_priority.list"
   text	   data	    bss	    dec	    hex	filename
   3920	    120	   1584	   5624	   15f8	interrupt_priority.elf
Finished building: default.size.stdout
 
Finished building: interrupt_priority.list
 
01:16:28 **** Incremental Build of configuration Debug for project interrupt_priority ****
make -j8 all 
arm-none-eabi-size   interrupt_priority.elf 
   text	   data	    bss	    dec	    hex	filename
   3920	    120	   1584	   5624	   15f8	interrupt_priority.elf
Finished building: default.size.stdout
 
01:18:25 **** Incremental Build of configuration Debug for project interrupt_priority ****
make -j8 all 
arm-none-eabi-gcc "../Src/main.c" -mcpu=cortex-m4 -std=gnu11 -g3 -DDEBUG -DSTM32 -DSTM32F303ZETx -DNUCLEO_F303ZE -DSTM32F3 -c -I../Inc -O0 -ffunction-sections -fdata-sections -Wall -fstack-usage -MMD -MP -MF"Src/main.d" -MT"Src/main.o" --specs=nano.specs -mfloat-abi=soft -mthumb -o "Src/main.o"
arm-none-eabi-gcc -o "interrupt_priority.elf" @"objects.list"   -mcpu=cortex-m4 -T"C:\Users\chiangkd\Desktop\CM4-Practice\cortexmx\interrupt_priority\STM32F303ZETX_FLASH.ld" --specs=nosys.specs -Wl,-Map="interrupt_priority.map" -Wl,--gc-sections -static --specs=nano.specs -mfloat-abi=soft -mthumb -Wl,--start-group -lc -lm -Wl,--end-group
Finished building target: interrupt_priority.elf
 
arm-none-eabi-size   interrupt_priority.elf 
arm-none-eabi-objdump -h -S  interrupt_priority.elf  > "interrupt_priority.list"
   text	   data	    bss	    dec	    hex	filename
   3924	    120	   1584	   5628	   15fc	interrupt_priority.elf
Finished building: default.size.stdout
 
Finished building: interrupt_priority.list
 
01:19:05 **** Incremental Build of configuration Debug for project interrupt_priority ****
make -j8 all 
arm-none-eabi-gcc "../Src/main.c" -mcpu=cortex-m4 -std=gnu11 -g3 -DDEBUG -DSTM32 -DSTM32F303ZETx -DNUCLEO_F303ZE -DSTM32F3 -c -I../Inc -O0 -ffunction-sections -fdata-sections -Wall -fstack-usage -MMD -MP -MF"Src/main.d" -MT"Src/main.o" --specs=nano.specs -mfloat-abi=soft -mthumb -o "Src/main.o"
arm-none-eabi-gcc -o "interrupt_priority.elf" @"objects.list"   -mcpu=cortex-m4 -T"C:\Users\chiangkd\Desktop\CM4-Practice\cortexmx\interrupt_priority\STM32F303ZETX_FLASH.ld" --specs=nosys.specs -Wl,-Map="interrupt_priority.map" -Wl,--gc-sections -static --specs=nano.specs -mfloat-abi=soft -mthumb -Wl,--start-group -lc -lm -Wl,--end-group
Finished building target: interrupt_priority.elf
 
arm-none-eabi-size   interrupt_priority.elf 
arm-none-eabi-objdump -h -S  interrupt_priority.elf  > "interrupt_priority.list"
   text	   data	    bss	    dec	    hex	filename
   3924	    120	   1584	   5628	   15fc	interrupt_priority.elf
Finished building: default.size.stdout
 
Finished building: interrupt_priority.list
 
01:19:21 **** Incremental Build of configuration Debug for project interrupt_priority ****
make -j8 all 
arm-none-eabi-size   interrupt_priority.elf 
   text	   data	    bss	    dec	    hex	filename
   3924	    120	   1584	   5628	   15fc	interrupt_priority.elf
Finished building: default.size.stdout
 
01:19:47 **** Incremental Build of configuration Debug for project interrupt_priority ****
make -j8 all 
arm-none-eabi-gcc "../Src/main.c" -mcpu=cortex-m4 -std=gnu11 -g3 -DDEBUG -DSTM32 -DSTM32F303ZETx -DNUCLEO_F303ZE -DSTM32F3 -c -I../Inc -O0 -ffunction-sections -fdata-sections -Wall -fstack-usage -MMD -MP -MF"Src/main.d" -MT"Src/main.o" --specs=nano.specs -mfloat-abi=soft -mthumb -o "Src/main.o"
arm-none-eabi-gcc -o "interrupt_priority.elf" @"objects.list"   -mcpu=cortex-m4 -T"C:\Users\chiangkd\Desktop\CM4-Practice\cortexmx\interrupt_priority\STM32F303ZETX_FLASH.ld" --specs=nosys.specs -Wl,-Map="interrupt_priority.map" -Wl,--gc-sections -static --specs=nano.specs -mfloat-abi=soft -mthumb -Wl,--start-group -lc -lm -Wl,--end-group
Finished building target: interrupt_priority.elf
 
arm-none-eabi-size   interrupt_priority.elf 
arm-none-eabi-objdump -h -S  interrupt_priority.elf  > "interrupt_priority.list"
   text	   data	    bss	    dec	    hex	filename
   3904	    120	   1584	   5608	   15e8	interrupt_priority.elf
Finished building: default.size.stdout
 
Finished building: interrupt_priority.list
 
01:20:11 **** Incremental Build of configuration Debug for project interrupt_priority ****
make -j8 all 
arm-none-eabi-size   interrupt_priority.elf 
   text	   data	    bss	    dec	    hex	filename
   3904	    120	   1584	   5608	   15e8	interrupt_priority.elf
Finished building: default.size.stdout
 
01:20:40 **** Incremental Build of configuration Debug for project interrupt_priority ****
make -j8 all 
arm-none-eabi-gcc "../Src/main.c" -mcpu=cortex-m4 -std=gnu11 -g3 -DDEBUG -DSTM32 -DSTM32F303ZETx -DNUCLEO_F303ZE -DSTM32F3 -c -I../Inc -O0 -ffunction-sections -fdata-sections -Wall -fstack-usage -MMD -MP -MF"Src/main.d" -MT"Src/main.o" --specs=nano.specs -mfloat-abi=soft -mthumb -o "Src/main.o"
../Src/main.c: In function 'TIM2_IRQHandler':
../Src/main.c:73:2: warning: implicit declaration of function 'fo4' [-Wimplicit-function-declaration]
   73 |  fo4(;;);
      |  ^~~
../Src/main.c:73:6: error: expected expression before ';' token
   73 |  fo4(;;);
      |      ^
make: *** [Src/subdir.mk:25: Src/main.o] Error 1
"make -j8 all" terminated with exit code 2. Build might be incomplete.
01:20:50 **** Incremental Build of configuration Debug for project interrupt_priority ****
make -j8 all 
arm-none-eabi-gcc "../Src/main.c" -mcpu=cortex-m4 -std=gnu11 -g3 -DDEBUG -DSTM32 -DSTM32F303ZETx -DNUCLEO_F303ZE -DSTM32F3 -c -I../Inc -O0 -ffunction-sections -fdata-sections -Wall -fstack-usage -MMD -MP -MF"Src/main.d" -MT"Src/main.o" --specs=nano.specs -mfloat-abi=soft -mthumb -o "Src/main.o"
arm-none-eabi-gcc -o "interrupt_priority.elf" @"objects.list"   -mcpu=cortex-m4 -T"C:\Users\chiangkd\Desktop\CM4-Practice\cortexmx\interrupt_priority\STM32F303ZETX_FLASH.ld" --specs=nosys.specs -Wl,-Map="interrupt_priority.map" -Wl,--gc-sections -static --specs=nano.specs -mfloat-abi=soft -mthumb -Wl,--start-group -lc -lm -Wl,--end-group
Finished building target: interrupt_priority.elf
 
arm-none-eabi-size   interrupt_priority.elf 
arm-none-eabi-objdump -h -S  interrupt_priority.elf  > "interrupt_priority.list"
   text	   data	    bss	    dec	    hex	filename
   3920	    120	   1584	   5624	   15f8	interrupt_priority.elf
Finished building: default.size.stdout
 
Finished building: interrupt_priority.list
 
01:28:22 **** Incremental Build of configuration Debug for project interrupt_priority ****
make -j8 all 
arm-none-eabi-gcc "../Src/main.c" -mcpu=cortex-m4 -std=gnu11 -g3 -DDEBUG -DSTM32 -DSTM32F303ZETx -DNUCLEO_F303ZE -DSTM32F3 -c -I../Inc -O0 -ffunction-sections -fdata-sections -Wall -fstack-usage -MMD -MP -MF"Src/main.d" -MT"Src/main.o" --specs=nano.specs -mfloat-abi=soft -mthumb -o "Src/main.o"
arm-none-eabi-gcc -o "interrupt_priority.elf" @"objects.list"   -mcpu=cortex-m4 -T"C:\Users\chiangkd\Desktop\CM4-Practice\cortexmx\interrupt_priority\STM32F303ZETX_FLASH.ld" --specs=nosys.specs -Wl,-Map="interrupt_priority.map" -Wl,--gc-sections -static --specs=nano.specs -mfloat-abi=soft -mthumb -Wl,--start-group -lc -lm -Wl,--end-group
Finished building target: interrupt_priority.elf
 
arm-none-eabi-size   interrupt_priority.elf 
arm-none-eabi-objdump -h -S  interrupt_priority.elf  > "interrupt_priority.list"
   text	   data	    bss	    dec	    hex	filename
   3940	    120	   1584	   5644	   160c	interrupt_priority.elf
Finished building: default.size.stdout
 
Finished building: interrupt_priority.list
 
01:28:54 **** Incremental Build of configuration Debug for project interrupt_priority ****
make -j8 all 
arm-none-eabi-size   interrupt_priority.elf 
   text	   data	    bss	    dec	    hex	filename
   3940	    120	   1584	   5644	   160c	interrupt_priority.elf
Finished building: default.size.stdout
 
01:30:24 **** Incremental Build of configuration Debug for project interrupt_priority ****
make -j8 all 
arm-none-eabi-gcc "../Src/main.c" -mcpu=cortex-m4 -std=gnu11 -g3 -DDEBUG -DSTM32 -DSTM32F303ZETx -DNUCLEO_F303ZE -DSTM32F3 -c -I../Inc -O0 -ffunction-sections -fdata-sections -Wall -fstack-usage -MMD -MP -MF"Src/main.d" -MT"Src/main.o" --specs=nano.specs -mfloat-abi=soft -mthumb -o "Src/main.o"
arm-none-eabi-gcc -o "interrupt_priority.elf" @"objects.list"   -mcpu=cortex-m4 -T"C:\Users\chiangkd\Desktop\CM4-Practice\cortexmx\interrupt_priority\STM32F303ZETX_FLASH.ld" --specs=nosys.specs -Wl,-Map="interrupt_priority.map" -Wl,--gc-sections -static --specs=nano.specs -mfloat-abi=soft -mthumb -Wl,--start-group -lc -lm -Wl,--end-group
Finished building target: interrupt_priority.elf
 
arm-none-eabi-size   interrupt_priority.elf 
arm-none-eabi-objdump -h -S  interrupt_priority.elf  > "interrupt_priority.list"
   text	   data	    bss	    dec	    hex	filename
   3920	    120	   1584	   5624	   15f8	interrupt_priority.elf
Finished building: default.size.stdout
 
Finished building: interrupt_priority.list
 
01:30:42 **** Incremental Build of configuration Debug for project interrupt_priority ****
make -j8 all 
arm-none-eabi-gcc "../Src/main.c" -mcpu=cortex-m4 -std=gnu11 -g3 -DDEBUG -DSTM32 -DSTM32F303ZETx -DNUCLEO_F303ZE -DSTM32F3 -c -I../Inc -O0 -ffunction-sections -fdata-sections -Wall -fstack-usage -MMD -MP -MF"Src/main.d" -MT"Src/main.o" --specs=nano.specs -mfloat-abi=soft -mthumb -o "Src/main.o"
arm-none-eabi-gcc -o "interrupt_priority.elf" @"objects.list"   -mcpu=cortex-m4 -T"C:\Users\chiangkd\Desktop\CM4-Practice\cortexmx\interrupt_priority\STM32F303ZETX_FLASH.ld" --specs=nosys.specs -Wl,-Map="interrupt_priority.map" -Wl,--gc-sections -static --specs=nano.specs -mfloat-abi=soft -mthumb -Wl,--start-group -lc -lm -Wl,--end-group
Finished building target: interrupt_priority.elf
 
arm-none-eabi-size   interrupt_priority.elf 
arm-none-eabi-objdump -h -S  interrupt_priority.elf  > "interrupt_priority.list"
   text	   data	    bss	    dec	    hex	filename
   3920	    120	   1584	   5624	   15f8	interrupt_priority.elf
Finished building: default.size.stdout
 
Finished building: interrupt_priority.list
 
01:31:11 **** Incremental Build of configuration Debug for project interrupt_priority ****
make -j8 all 
arm-none-eabi-gcc "../Src/main.c" -mcpu=cortex-m4 -std=gnu11 -g3 -DDEBUG -DSTM32 -DSTM32F303ZETx -DNUCLEO_F303ZE -DSTM32F3 -c -I../Inc -O0 -ffunction-sections -fdata-sections -Wall -fstack-usage -MMD -MP -MF"Src/main.d" -MT"Src/main.o" --specs=nano.specs -mfloat-abi=soft -mthumb -o "Src/main.o"
arm-none-eabi-gcc -o "interrupt_priority.elf" @"objects.list"   -mcpu=cortex-m4 -T"C:\Users\chiangkd\Desktop\CM4-Practice\cortexmx\interrupt_priority\STM32F303ZETX_FLASH.ld" --specs=nosys.specs -Wl,-Map="interrupt_priority.map" -Wl,--gc-sections -static --specs=nano.specs -mfloat-abi=soft -mthumb -Wl,--start-group -lc -lm -Wl,--end-group
Finished building target: interrupt_priority.elf
 
arm-none-eabi-size   interrupt_priority.elf 
arm-none-eabi-objdump -h -S  interrupt_priority.elf  > "interrupt_priority.list"
   text	   data	    bss	    dec	    hex	filename
   3940	    120	   1584	   5644	   160c	interrupt_priority.elf
Finished building: default.size.stdout
 
Finished building: interrupt_priority.list
 
01:33:15 **** Incremental Build of configuration Debug for project interrupt_priority ****
make -j8 all 
arm-none-eabi-gcc "../Src/main.c" -mcpu=cortex-m4 -std=gnu11 -g3 -DDEBUG -DSTM32 -DSTM32F303ZETx -DNUCLEO_F303ZE -DSTM32F3 -c -I../Inc -O0 -ffunction-sections -fdata-sections -Wall -fstack-usage -MMD -MP -MF"Src/main.d" -MT"Src/main.o" --specs=nano.specs -mfloat-abi=soft -mthumb -o "Src/main.o"
arm-none-eabi-gcc -o "interrupt_priority.elf" @"objects.list"   -mcpu=cortex-m4 -T"C:\Users\chiangkd\Desktop\CM4-Practice\cortexmx\interrupt_priority\STM32F303ZETX_FLASH.ld" --specs=nosys.specs -Wl,-Map="interrupt_priority.map" -Wl,--gc-sections -static --specs=nano.specs -mfloat-abi=soft -mthumb -Wl,--start-group -lc -lm -Wl,--end-group
Finished building target: interrupt_priority.elf
 
arm-none-eabi-size   interrupt_priority.elf 
arm-none-eabi-objdump -h -S  interrupt_priority.elf  > "interrupt_priority.list"
   text	   data	    bss	    dec	    hex	filename
   3940	    120	   1584	   5644	   160c	interrupt_priority.elf
Finished building: default.size.stdout
 
Finished building: interrupt_priority.list
 
01:33:55 **** Incremental Build of configuration Debug for project interrupt_priority ****
make -j8 all 
arm-none-eabi-gcc "../Src/main.c" -mcpu=cortex-m4 -std=gnu11 -g3 -DDEBUG -DSTM32 -DSTM32F303ZETx -DNUCLEO_F303ZE -DSTM32F3 -c -I../Inc -O0 -ffunction-sections -fdata-sections -Wall -fstack-usage -MMD -MP -MF"Src/main.d" -MT"Src/main.o" --specs=nano.specs -mfloat-abi=soft -mthumb -o "Src/main.o"
arm-none-eabi-gcc -o "interrupt_priority.elf" @"objects.list"   -mcpu=cortex-m4 -T"C:\Users\chiangkd\Desktop\CM4-Practice\cortexmx\interrupt_priority\STM32F303ZETX_FLASH.ld" --specs=nosys.specs -Wl,-Map="interrupt_priority.map" -Wl,--gc-sections -static --specs=nano.specs -mfloat-abi=soft -mthumb -Wl,--start-group -lc -lm -Wl,--end-group
Finished building target: interrupt_priority.elf
 
arm-none-eabi-size   interrupt_priority.elf 
arm-none-eabi-objdump -h -S  interrupt_priority.elf  > "interrupt_priority.list"
   text	   data	    bss	    dec	    hex	filename
   3940	    120	   1584	   5644	   160c	interrupt_priority.elf
Finished building: default.size.stdout
 
Finished building: interrupt_priority.list
 
01:35:45 **** Incremental Build of configuration Debug for project interrupt_priority ****
make -j8 all 
arm-none-eabi-gcc "../Src/main.c" -mcpu=cortex-m4 -std=gnu11 -g3 -DDEBUG -DSTM32 -DSTM32F303ZETx -DNUCLEO_F303ZE -DSTM32F3 -c -I../Inc -O0 -ffunction-sections -fdata-sections -Wall -fstack-usage -MMD -MP -MF"Src/main.d" -MT"Src/main.o" --specs=nano.specs -mfloat-abi=soft -mthumb -o "Src/main.o"
arm-none-eabi-gcc -o "interrupt_priority.elf" @"objects.list"   -mcpu=cortex-m4 -T"C:\Users\chiangkd\Desktop\CM4-Practice\cortexmx\interrupt_priority\STM32F303ZETX_FLASH.ld" --specs=nosys.specs -Wl,-Map="interrupt_priority.map" -Wl,--gc-sections -static --specs=nano.specs -mfloat-abi=soft -mthumb -Wl,--start-group -lc -lm -Wl,--end-group
Finished building target: interrupt_priority.elf
 
arm-none-eabi-size   interrupt_priority.elf 
arm-none-eabi-objdump -h -S  interrupt_priority.elf  > "interrupt_priority.list"
   text	   data	    bss	    dec	    hex	filename
   3944	    120	   1584	   5648	   1610	interrupt_priority.elf
Finished building: default.size.stdout
 
Finished building: interrupt_priority.list
 
01:36:42 **** Incremental Build of configuration Debug for project interrupt_priority ****
make -j8 all 
arm-none-eabi-gcc "../Src/main.c" -mcpu=cortex-m4 -std=gnu11 -g3 -DDEBUG -DSTM32 -DSTM32F303ZETx -DNUCLEO_F303ZE -DSTM32F3 -c -I../Inc -O0 -ffunction-sections -fdata-sections -Wall -fstack-usage -MMD -MP -MF"Src/main.d" -MT"Src/main.o" --specs=nano.specs -mfloat-abi=soft -mthumb -o "Src/main.o"
arm-none-eabi-gcc -o "interrupt_priority.elf" @"objects.list"   -mcpu=cortex-m4 -T"C:\Users\chiangkd\Desktop\CM4-Practice\cortexmx\interrupt_priority\STM32F303ZETX_FLASH.ld" --specs=nosys.specs -Wl,-Map="interrupt_priority.map" -Wl,--gc-sections -static --specs=nano.specs -mfloat-abi=soft -mthumb -Wl,--start-group -lc -lm -Wl,--end-group
Finished building target: interrupt_priority.elf
 
arm-none-eabi-size   interrupt_priority.elf 
arm-none-eabi-objdump -h -S  interrupt_priority.elf  > "interrupt_priority.list"
   text	   data	    bss	    dec	    hex	filename
   3940	    120	   1584	   5644	   160c	interrupt_priority.elf
Finished building: default.size.stdout
 
Finished building: interrupt_priority.list
 
01:43:58 **** Incremental Build of configuration Debug for project interrupt_priority ****
make -j8 all 
arm-none-eabi-gcc "../Src/main.c" -mcpu=cortex-m4 -std=gnu11 -g3 -DDEBUG -DSTM32 -DSTM32F303ZETx -DNUCLEO_F303ZE -DSTM32F3 -c -I../Inc -O0 -ffunction-sections -fdata-sections -Wall -fstack-usage -MMD -MP -MF"Src/main.d" -MT"Src/main.o" --specs=nano.specs -mfloat-abi=soft -mthumb -o "Src/main.o"
arm-none-eabi-gcc -o "interrupt_priority.elf" @"objects.list"   -mcpu=cortex-m4 -T"C:\Users\chiangkd\Desktop\CM4-Practice\cortexmx\interrupt_priority\STM32F303ZETX_FLASH.ld" --specs=nosys.specs -Wl,-Map="interrupt_priority.map" -Wl,--gc-sections -static --specs=nano.specs -mfloat-abi=soft -mthumb -Wl,--start-group -lc -lm -Wl,--end-group
Finished building target: interrupt_priority.elf
 
arm-none-eabi-size   interrupt_priority.elf 
arm-none-eabi-objdump -h -S  interrupt_priority.elf  > "interrupt_priority.list"
   text	   data	    bss	    dec	    hex	filename
   3920	    120	   1584	   5624	   15f8	interrupt_priority.elf
Finished building: default.size.stdout
 
Finished building: interrupt_priority.list
 
01:42:35 **** Build of configuration Debug for project exception_entry_exit ****
make -j8 all 
arm-none-eabi-gcc -mcpu=cortex-m4 -g3 -DDEBUG -c -x assembler-with-cpp -MMD -MP -MF"Startup/startup_stm32f303zetx.d" -MT"Startup/startup_stm32f303zetx.o" --specs=nano.specs -mfpu=fpv4-sp-d16 -mfloat-abi=hard -mthumb -o "Startup/startup_stm32f303zetx.o" "../Startup/startup_stm32f303zetx.s"
arm-none-eabi-gcc "../Src/main.c" -mcpu=cortex-m4 -std=gnu11 -g3 -DDEBUG -DSTM32 -DSTM32F303ZETx -DNUCLEO_F303ZE -DSTM32F3 -c -I../Inc -O0 -ffunction-sections -fdata-sections -Wall -fstack-usage -MMD -MP -MF"Src/main.d" -MT"Src/main.o" --specs=nano.specs -mfpu=fpv4-sp-d16 -mfloat-abi=hard -mthumb -o "Src/main.o"
arm-none-eabi-gcc "../Src/syscalls.c" -mcpu=cortex-m4 -std=gnu11 -g3 -DDEBUG -DSTM32 -DSTM32F303ZETx -DNUCLEO_F303ZE -DSTM32F3 -c -I../Inc -O0 -ffunction-sections -fdata-sections -Wall -fstack-usage -MMD -MP -MF"Src/syscalls.d" -MT"Src/syscalls.o" --specs=nano.specs -mfpu=fpv4-sp-d16 -mfloat-abi=hard -mthumb -o "Src/syscalls.o"
arm-none-eabi-gcc "../Src/sysmem.c" -mcpu=cortex-m4 -std=gnu11 -g3 -DDEBUG -DSTM32 -DSTM32F303ZETx -DNUCLEO_F303ZE -DSTM32F3 -c -I../Inc -O0 -ffunction-sections -fdata-sections -Wall -fstack-usage -MMD -MP -MF"Src/sysmem.d" -MT"Src/sysmem.o" --specs=nano.specs -mfpu=fpv4-sp-d16 -mfloat-abi=hard -mthumb -o "Src/sysmem.o"
../Src/main.c:22:4: warning: #warning "FPU is not initialized, but the project is compiling for an FPU. Please initialize the FPU before use." [-Wcpp]
   22 |   #warning "FPU is not initialized, but the project is compiling for an FPU. Please initialize the FPU before use."
      |    ^~~~~~~
arm-none-eabi-gcc -o "exception_entry_exit.elf" @"objects.list"   -mcpu=cortex-m4 -T"C:\Users\chiangkd\Desktop\CM4-Practice\cortexmx\exception_entry_exit\STM32F303ZETX_FLASH.ld" --specs=nosys.specs -Wl,-Map="exception_entry_exit.map" -Wl,--gc-sections -static --specs=nano.specs -mfpu=fpv4-sp-d16 -mfloat-abi=hard -mthumb -Wl,--start-group -lc -lm -Wl,--end-group
Finished building target: exception_entry_exit.elf
 
arm-none-eabi-size   exception_entry_exit.elf 
arm-none-eabi-objdump -h -S  exception_entry_exit.elf  > "exception_entry_exit.list"
   text	   data	    bss	    dec	    hex	filename
    656	      8	   1568	   2232	    8b8	exception_entry_exit.elf
Finished building: default.size.stdout
 
Finished building: exception_entry_exit.list
 
01:42:52 **** Incremental Build of configuration Debug for project exception_entry_exit ****
make -j8 all 
arm-none-eabi-gcc "../Src/main.c" -mcpu=cortex-m4 -std=gnu11 -g3 -DDEBUG -DSTM32 -DSTM32F303ZETx -DNUCLEO_F303ZE -DSTM32F3 -c -I../Inc -O0 -ffunction-sections -fdata-sections -Wall -fstack-usage -MMD -MP -MF"Src/main.d" -MT"Src/main.o" --specs=nano.specs -mfpu=fpv4-sp-d16 -mfloat-abi=hard -mthumb -o "Src/main.o"
../Src/main.c:11:4: warning: #warning "FPU is not initialized, but the project is compiling for an FPU. Please initialize the FPU before use." [-Wcpp]
   11 |   #warning "FPU is not initialized, but the project is compiling for an FPU. Please initialize the FPU before use."
      |    ^~~~~~~
arm-none-eabi-gcc -o "exception_entry_exit.elf" @"objects.list"   -mcpu=cortex-m4 -T"C:\Users\chiangkd\Desktop\CM4-Practice\cortexmx\exception_entry_exit\STM32F303ZETX_FLASH.ld" --specs=nosys.specs -Wl,-Map="exception_entry_exit.map" -Wl,--gc-sections -static --specs=nano.specs -mfpu=fpv4-sp-d16 -mfloat-abi=hard -mthumb -Wl,--start-group -lc -lm -Wl,--end-group
Finished building target: exception_entry_exit.elf
 
arm-none-eabi-size   exception_entry_exit.elf 
arm-none-eabi-objdump -h -S  exception_entry_exit.elf  > "exception_entry_exit.list"
   text	   data	    bss	    dec	    hex	filename
   3860	    108	   1588	   5556	   15b4	exception_entry_exit.elf
Finished building: default.size.stdout
 
Finished building: exception_entry_exit.list
 
02:52:43 **** Incremental Build of configuration Debug for project exception_entry_exit ****
make -j8 all 
arm-none-eabi-gcc "../Src/main.c" -mcpu=cortex-m4 -std=gnu11 -g3 -DDEBUG -DSTM32 -DSTM32F303ZETx -DNUCLEO_F303ZE -DSTM32F3 -c -I../Inc -O0 -ffunction-sections -fdata-sections -Wall -fstack-usage -MMD -MP -MF"Src/main.d" -MT"Src/main.o" --specs=nano.specs -mfpu=fpv4-sp-d16 -mfloat-abi=hard -mthumb -o "Src/main.o"
../Src/main.c:11:4: warning: #warning "FPU is not initialized, but the project is compiling for an FPU. Please initialize the FPU before use." [-Wcpp]
   11 |   #warning "FPU is not initialized, but the project is compiling for an FPU. Please initialize the FPU before use."
      |    ^~~~~~~
../Src/main.c: In function 'main':
../Src/main.c:35:23: warning: unsigned conversion from 'long long int' to 'uint32_t' {aka 'long unsigned int'} changes value from '8589967360' to '32768' [-Woverflow]
   35 |  uint32_t psp_value = 0x200008000;
      |                       ^~~~~~~~~~~
arm-none-eabi-gcc -o "exception_entry_exit.elf" @"objects.list"   -mcpu=cortex-m4 -T"C:\Users\chiangkd\Desktop\CM4-Practice\cortexmx\exception_entry_exit\STM32F303ZETX_FLASH.ld" --specs=nosys.specs -Wl,-Map="exception_entry_exit.map" -Wl,--gc-sections -static --specs=nano.specs -mfpu=fpv4-sp-d16 -mfloat-abi=hard -mthumb -Wl,--start-group -lc -lm -Wl,--end-group
Finished building target: exception_entry_exit.elf
 
arm-none-eabi-size   exception_entry_exit.elf 
arm-none-eabi-objdump -h -S  exception_entry_exit.elf  > "exception_entry_exit.list"
   text	   data	    bss	    dec	    hex	filename
   3884	    108	   1588	   5580	   15cc	exception_entry_exit.elf
Finished building: default.size.stdout
 
Finished building: exception_entry_exit.list
 
02:54:09 **** Incremental Build of configuration Debug for project exception_entry_exit ****
make -j8 all 
arm-none-eabi-size   exception_entry_exit.elf 
   text	   data	    bss	    dec	    hex	filename
   3884	    108	   1588	   5580	   15cc	exception_entry_exit.elf
Finished building: default.size.stdout
 
03:06:02 **** Incremental Build of configuration Debug for project exception_entry_exit ****
make -j8 all 
arm-none-eabi-gcc "../Src/main.c" -mcpu=cortex-m4 -std=gnu11 -g3 -DDEBUG -DSTM32 -DSTM32F303ZETx -DNUCLEO_F303ZE -DSTM32F3 -c -I../Inc -O0 -ffunction-sections -fdata-sections -Wall -fstack-usage -MMD -MP -MF"Src/main.d" -MT"Src/main.o" --specs=nano.specs -mfpu=fpv4-sp-d16 -mfloat-abi=hard -mthumb -o "Src/main.o"
../Src/main.c:11:4: warning: #warning "FPU is not initialized, but the project is compiling for an FPU. Please initialize the FPU before use." [-Wcpp]
   11 |   #warning "FPU is not initialized, but the project is compiling for an FPU. Please initialize the FPU before use."
      |    ^~~~~~~
arm-none-eabi-gcc -o "exception_entry_exit.elf" @"objects.list"   -mcpu=cortex-m4 -T"C:\Users\chiangkd\Desktop\CM4-Practice\cortexmx\exception_entry_exit\STM32F303ZETX_FLASH.ld" --specs=nosys.specs -Wl,-Map="exception_entry_exit.map" -Wl,--gc-sections -static --specs=nano.specs -mfpu=fpv4-sp-d16 -mfloat-abi=hard -mthumb -Wl,--start-group -lc -lm -Wl,--end-group
Finished building target: exception_entry_exit.elf
 
arm-none-eabi-size   exception_entry_exit.elf 
arm-none-eabi-objdump -h -S  exception_entry_exit.elf  > "exception_entry_exit.list"
   text	   data	    bss	    dec	    hex	filename
   3884	    108	   1588	   5580	   15cc	exception_entry_exit.elf
Finished building: default.size.stdout
 
Finished building: exception_entry_exit.list
 
